<?xml version="1.0" encoding="UTF-8"?>
<testsuite xmlns:xsi="http://www.w3.org/2001/XMLSchema-instance" xsi:noNamespaceSchemaLocation="https://maven.apache.org/surefire/maven-surefire-plugin/xsd/surefire-test-report-3.0.xsd" version="3.0" name="runners.TestRunner" time="14.811" tests="6" errors="4" skipped="2" failures="0">
  <properties>
[...]
</properties>
  <testcase name="Example #1.1" classname="Examples" time="0.0">
    <skipped message="&apos;cucumber.filter.tags=@Positive&apos; did not match this scenario"/>
  </testcase>
  <testcase name="Example #1.1" classname="Examples" time="14.642">
    <error message="Error {&#10;  message=&apos;Target page, context or browser has been closed&#10;  name=&apos;TargetClosedError&#10;  stack=&apos;TargetClosedError:Target page, context or browser has been closed&#10;Error&#10;    at captureRawStack (C:\Endava\ENDEVL~1\AppData\Local\Temp\playwright-java-13822793970080967420\package\lib\utils\isomorphic\stackTrace.js:36:17)&#10;    at LongStandingScope._race (C:\Endava\ENDEVL~1\AppData\Local\Temp\playwright-java-13822793970080967420\package\lib\utils\isomorphic\manualPromise.js:89:52)&#10;    at LongStandingScope.race (C:\Endava\ENDEVL~1\AppData\Local\Temp\playwright-java-13822793970080967420\package\lib\utils\isomorphic\manualPromise.js:82:17)&#10;    at ElementHandleDispatcher._handleCommand (C:\Endava\ENDEVL~1\AppData\Local\Temp\playwright-java-13822793970080967420\package\lib\server\dispatchers\dispatcher.js:98:36)&#10;    at DispatcherConnection.dispatch (C:\Endava\ENDEVL~1\AppData\Local\Temp\playwright-java-13822793970080967420\package\lib\server\dispatchers\dispatcher.js:366:39)&#10;}&#10;Call log:&#10;-   - attempting click action&#10;-     - waiting for element to be visible, enabled and stable&#10;-     - element is visible, enabled and stable&#10;-     - scrolling into view if needed&#10;-     - done scrolling&#10;-     - performing click action&#10;-     - click action done&#10;-     - waiting for scheduled navigations to finish&#10;" type="com.microsoft.playwright.impl.TargetClosedError"><![CDATA[com.microsoft.playwright.impl.TargetClosedError: 
Error {
  message='Target page, context or browser has been closed
  name='TargetClosedError
  stack='TargetClosedError:Target page, context or browser has been closed
Error
    at captureRawStack (C:\Endava\ENDEVL~1\AppData\Local\Temp\playwright-java-13822793970080967420\package\lib\utils\isomorphic\stackTrace.js:36:17)
    at LongStandingScope._race (C:\Endava\ENDEVL~1\AppData\Local\Temp\playwright-java-13822793970080967420\package\lib\utils\isomorphic\manualPromise.js:89:52)
    at LongStandingScope.race (C:\Endava\ENDEVL~1\AppData\Local\Temp\playwright-java-13822793970080967420\package\lib\utils\isomorphic\manualPromise.js:82:17)
    at ElementHandleDispatcher._handleCommand (C:\Endava\ENDEVL~1\AppData\Local\Temp\playwright-java-13822793970080967420\package\lib\server\dispatchers\dispatcher.js:98:36)
    at DispatcherConnection.dispatch (C:\Endava\ENDEVL~1\AppData\Local\Temp\playwright-java-13822793970080967420\package\lib\server\dispatchers\dispatcher.js:366:39)
}
Call log:
-   - attempting click action
-     - waiting for element to be visible, enabled and stable
-     - element is visible, enabled and stable
-     - scrolling into view if needed
-     - done scrolling
-     - performing click action
-     - click action done
-     - waiting for scheduled navigations to finish

	at com.microsoft.playwright.impl.WaitableResult.get(WaitableResult.java:54)
	at com.microsoft.playwright.impl.ChannelOwner.runUntil(ChannelOwner.java:132)
	at com.microsoft.playwright.impl.Connection.sendMessage(Connection.java:130)
	at com.microsoft.playwright.impl.ChannelOwner.sendMessage(ChannelOwner.java:118)
	at com.microsoft.playwright.impl.ElementHandleImpl.clickImpl(ElementHandleImpl.java:144)
	at com.microsoft.playwright.impl.ElementHandleImpl.lambda$click$6(ElementHandleImpl.java:136)
	at com.microsoft.playwright.impl.LoggingSupport.lambda$withLogging$0(LoggingSupport.java:36)
	at com.microsoft.playwright.impl.LoggingSupport.withLogging(LoggingSupport.java:47)
	at com.microsoft.playwright.impl.ChannelOwner.withLogging(ChannelOwner.java:97)
	at com.microsoft.playwright.impl.LoggingSupport.withLogging(LoggingSupport.java:35)
	at com.microsoft.playwright.impl.ElementHandleImpl.click(ElementHandleImpl.java:136)
	at com.microsoft.playwright.ElementHandle.click(ElementHandle.java:1343)
	at utilis.UIActions.waitAndClick(UIActions.java:14)
	at pages.ChangePasswordPage.open(ChangePasswordPage.java:18)
	at StepDefinition.ChangePasswordSteps.userIsOnTheChangePasswordPage(ChangePasswordSteps.java:15)
	at ✽.the user is on the Change password page(classpath:features/ChangePassword.feature:4)
Caused by: com.microsoft.playwright.impl.TargetClosedError: Error {
  message='Target page, context or browser has been closed
  name='TargetClosedError
  stack='TargetClosedError:Target page, context or browser has been closed
Error
    at captureRawStack (C:\Endava\ENDEVL~1\AppData\Local\Temp\playwright-java-13822793970080967420\package\lib\utils\isomorphic\stackTrace.js:36:17)
    at LongStandingScope._race (C:\Endava\ENDEVL~1\AppData\Local\Temp\playwright-java-13822793970080967420\package\lib\utils\isomorphic\manualPromise.js:89:52)
    at LongStandingScope.race (C:\Endava\ENDEVL~1\AppData\Local\Temp\playwright-java-13822793970080967420\package\lib\utils\isomorphic\manualPromise.js:82:17)
    at ElementHandleDispatcher._handleCommand (C:\Endava\ENDEVL~1\AppData\Local\Temp\playwright-java-13822793970080967420\package\lib\server\dispatchers\dispatcher.js:98:36)
    at DispatcherConnection.dispatch (C:\Endava\ENDEVL~1\AppData\Local\Temp\playwright-java-13822793970080967420\package\lib\server\dispatchers\dispatcher.js:366:39)
}
Call log:
-   - attempting click action
-     - waiting for element to be visible, enabled and stable
-     - element is visible, enabled and stable
-     - scrolling into view if needed
-     - done scrolling
-     - performing click action
-     - click action done
-     - waiting for scheduled navigations to finish

	at com.microsoft.playwright.impl.Connection.dispatch(Connection.java:256)
	at com.microsoft.playwright.impl.Connection.processOneMessage(Connection.java:211)
	at com.microsoft.playwright.impl.ChannelOwner.runUntil(ChannelOwner.java:130)
	... 14 more
]]></error>
    <system-out><![CDATA[10:53:17.122 [main] INFO  LoginPage - Navigate to https://opensource-demo.orangehrmlive.com/web/index.php/auth/login
]]></system-out>
  </testcase>
  <testcase name="Example #1.1" classname="Examples" time="0.003">
    <error message="Error {&#10;  message=&apos;Target page, context or browser has been closed&#10;  name=&apos;TargetClosedError&#10;  stack=&apos;TargetClosedError: Target page, context or browser has been closed&#10;    at DispatcherConnection.dispatch (C:\Endava\ENDEVL~1\AppData\Local\Temp\playwright-java-13822793970080967420\package\lib\server\dispatchers\dispatcher.js:283:44)&#10;    at transport.onmessage (C:\Endava\ENDEVL~1\AppData\Local\Temp\playwright-java-13822793970080967420\package\lib\cli\driver.js:52:57)&#10;    at Immediate._onImmediate (C:\Endava\ENDEVL~1\AppData\Local\Temp\playwright-java-13822793970080967420\package\lib\server\utils\pipeTransport.js:77:34)&#10;    at process.processImmediate (node:internal/timers:491:21)&#10;}" type="com.microsoft.playwright.impl.TargetClosedError"><![CDATA[com.microsoft.playwright.impl.TargetClosedError: 
Error {
  message='Target page, context or browser has been closed
  name='TargetClosedError
  stack='TargetClosedError: Target page, context or browser has been closed
    at DispatcherConnection.dispatch (C:\Endava\ENDEVL~1\AppData\Local\Temp\playwright-java-13822793970080967420\package\lib\server\dispatchers\dispatcher.js:283:44)
    at transport.onmessage (C:\Endava\ENDEVL~1\AppData\Local\Temp\playwright-java-13822793970080967420\package\lib\cli\driver.js:52:57)
    at Immediate._onImmediate (C:\Endava\ENDEVL~1\AppData\Local\Temp\playwright-java-13822793970080967420\package\lib\server\utils\pipeTransport.js:77:34)
    at process.processImmediate (node:internal/timers:491:21)
}
	at com.microsoft.playwright.impl.WaitableResult.get(WaitableResult.java:54)
	at com.microsoft.playwright.impl.ChannelOwner.runUntil(ChannelOwner.java:132)
	at com.microsoft.playwright.impl.Connection.sendMessage(Connection.java:130)
	at com.microsoft.playwright.impl.ChannelOwner.sendMessage(ChannelOwner.java:118)
	at com.microsoft.playwright.impl.FrameImpl.navigateImpl(FrameImpl.java:463)
	at com.microsoft.playwright.impl.PageImpl.lambda$navigate$47(PageImpl.java:943)
	at com.microsoft.playwright.impl.LoggingSupport.withLogging(LoggingSupport.java:47)
	at com.microsoft.playwright.impl.ChannelOwner.withLogging(ChannelOwner.java:97)
	at com.microsoft.playwright.impl.PageImpl.navigate(PageImpl.java:943)
	at com.microsoft.playwright.impl.PageImpl.navigate(PageImpl.java:42)
	at com.microsoft.playwright.Page.navigate(Page.java:5491)
	at pages.LoginPage.login(LoginPage.java:18)
	at pages.DisplaySugestionSReview.open(DisplaySugestionSReview.java:16)
	at StepDefinition.DisplaySugestionSReviewSteps.userIsLoggedIntoOrangeHRM(DisplaySugestionSReviewSteps.java:13)
	at ✽.the user is logged into OrangeHRM with valid credentials(classpath:features/DisplaySugestionSReview.feature:4)
Caused by: com.microsoft.playwright.impl.TargetClosedError: Error {
  message='Target page, context or browser has been closed
  name='TargetClosedError
  stack='TargetClosedError: Target page, context or browser has been closed
    at DispatcherConnection.dispatch (C:\Endava\ENDEVL~1\AppData\Local\Temp\playwright-java-13822793970080967420\package\lib\server\dispatchers\dispatcher.js:283:44)
    at transport.onmessage (C:\Endava\ENDEVL~1\AppData\Local\Temp\playwright-java-13822793970080967420\package\lib\cli\driver.js:52:57)
    at Immediate._onImmediate (C:\Endava\ENDEVL~1\AppData\Local\Temp\playwright-java-13822793970080967420\package\lib\server\utils\pipeTransport.js:77:34)
    at process.processImmediate (node:internal/timers:491:21)
}
	at com.microsoft.playwright.impl.Connection.dispatch(Connection.java:256)
	at com.microsoft.playwright.impl.Connection.processOneMessage(Connection.java:211)
	at com.microsoft.playwright.impl.ChannelOwner.runUntil(ChannelOwner.java:130)
	... 13 more
]]></error>
  </testcase>
  <testcase name="Deleting an education record from the Qualifications section" classname="The user can delete an education record from the Qualifications section" time="0.0">
    <error message="Error {&#10;  message=&apos;Target page, context or browser has been closed&#10;  name=&apos;TargetClosedError&#10;  stack=&apos;TargetClosedError: Target page, context or browser has been closed&#10;    at DispatcherConnection.dispatch (C:\Endava\ENDEVL~1\AppData\Local\Temp\playwright-java-13822793970080967420\package\lib\server\dispatchers\dispatcher.js:283:44)&#10;    at transport.onmessage (C:\Endava\ENDEVL~1\AppData\Local\Temp\playwright-java-13822793970080967420\package\lib\cli\driver.js:52:57)&#10;    at Immediate._onImmediate (C:\Endava\ENDEVL~1\AppData\Local\Temp\playwright-java-13822793970080967420\package\lib\server\utils\pipeTransport.js:77:34)&#10;    at process.processImmediate (node:internal/timers:491:21)&#10;}" type="com.microsoft.playwright.impl.TargetClosedError"><![CDATA[com.microsoft.playwright.impl.TargetClosedError: 
Error {
  message='Target page, context or browser has been closed
  name='TargetClosedError
  stack='TargetClosedError: Target page, context or browser has been closed
    at DispatcherConnection.dispatch (C:\Endava\ENDEVL~1\AppData\Local\Temp\playwright-java-13822793970080967420\package\lib\server\dispatchers\dispatcher.js:283:44)
    at transport.onmessage (C:\Endava\ENDEVL~1\AppData\Local\Temp\playwright-java-13822793970080967420\package\lib\cli\driver.js:52:57)
    at Immediate._onImmediate (C:\Endava\ENDEVL~1\AppData\Local\Temp\playwright-java-13822793970080967420\package\lib\server\utils\pipeTransport.js:77:34)
    at process.processImmediate (node:internal/timers:491:21)
}
	at com.microsoft.playwright.impl.WaitableResult.get(WaitableResult.java:54)
	at com.microsoft.playwright.impl.ChannelOwner.runUntil(ChannelOwner.java:132)
	at com.microsoft.playwright.impl.Connection.sendMessage(Connection.java:130)
	at com.microsoft.playwright.impl.ChannelOwner.sendMessage(ChannelOwner.java:118)
	at com.microsoft.playwright.impl.FrameImpl.navigateImpl(FrameImpl.java:463)
	at com.microsoft.playwright.impl.PageImpl.lambda$navigate$47(PageImpl.java:943)
	at com.microsoft.playwright.impl.LoggingSupport.withLogging(LoggingSupport.java:47)
	at com.microsoft.playwright.impl.ChannelOwner.withLogging(ChannelOwner.java:97)
	at com.microsoft.playwright.impl.PageImpl.navigate(PageImpl.java:943)
	at com.microsoft.playwright.impl.PageImpl.navigate(PageImpl.java:42)
	at com.microsoft.playwright.Page.navigate(Page.java:5491)
	at pages.LoginPage.login(LoginPage.java:18)
	at pages.DeletionEducationRecord.open(DeletionEducationRecord.java:17)
	at StepDefinition.DeletionEducationRecordSteps.userIsLoggedIntoOrangeHRM(DeletionEducationRecordSteps.java:15)
	at ✽.the user is logged into OrangeHRM(classpath:features/DeletionEducationRecord.feature:5)
Caused by: com.microsoft.playwright.impl.TargetClosedError: Error {
  message='Target page, context or browser has been closed
  name='TargetClosedError
  stack='TargetClosedError: Target page, context or browser has been closed
    at DispatcherConnection.dispatch (C:\Endava\ENDEVL~1\AppData\Local\Temp\playwright-java-13822793970080967420\package\lib\server\dispatchers\dispatcher.js:283:44)
    at transport.onmessage (C:\Endava\ENDEVL~1\AppData\Local\Temp\playwright-java-13822793970080967420\package\lib\cli\driver.js:52:57)
    at Immediate._onImmediate (C:\Endava\ENDEVL~1\AppData\Local\Temp\playwright-java-13822793970080967420\package\lib\server\utils\pipeTransport.js:77:34)
    at process.processImmediate (node:internal/timers:491:21)
}
	at com.microsoft.playwright.impl.Connection.dispatch(Connection.java:256)
	at com.microsoft.playwright.impl.Connection.processOneMessage(Connection.java:211)
	at com.microsoft.playwright.impl.ChannelOwner.runUntil(ChannelOwner.java:130)
	... 13 more
]]></error>
  </testcase>
  <testcase name="Login page" classname="Login page authentication" time="0.0">
    <skipped message="&apos;cucumber.filter.tags=@Positive&apos; did not match this scenario"/>
  </testcase>
  <testcase name="User receives a confirmation message when terminating an employee" classname="Termination confirmation when ending employee contract" time="0.007">
    <error message="Error {&#10;  message=&apos;Target page, context or browser has been closed&#10;  name=&apos;TargetClosedError&#10;  stack=&apos;TargetClosedError: Target page, context or browser has been closed&#10;    at DispatcherConnection.dispatch (C:\Endava\ENDEVL~1\AppData\Local\Temp\playwright-java-13822793970080967420\package\lib\server\dispatchers\dispatcher.js:283:44)&#10;    at transport.onmessage (C:\Endava\ENDEVL~1\AppData\Local\Temp\playwright-java-13822793970080967420\package\lib\cli\driver.js:52:57)&#10;    at Immediate._onImmediate (C:\Endava\ENDEVL~1\AppData\Local\Temp\playwright-java-13822793970080967420\package\lib\server\utils\pipeTransport.js:77:34)&#10;    at process.processImmediate (node:internal/timers:491:21)&#10;}" type="com.microsoft.playwright.impl.TargetClosedError"><![CDATA[com.microsoft.playwright.impl.TargetClosedError: 
Error {
  message='Target page, context or browser has been closed
  name='TargetClosedError
  stack='TargetClosedError: Target page, context or browser has been closed
    at DispatcherConnection.dispatch (C:\Endava\ENDEVL~1\AppData\Local\Temp\playwright-java-13822793970080967420\package\lib\server\dispatchers\dispatcher.js:283:44)
    at transport.onmessage (C:\Endava\ENDEVL~1\AppData\Local\Temp\playwright-java-13822793970080967420\package\lib\cli\driver.js:52:57)
    at Immediate._onImmediate (C:\Endava\ENDEVL~1\AppData\Local\Temp\playwright-java-13822793970080967420\package\lib\server\utils\pipeTransport.js:77:34)
    at process.processImmediate (node:internal/timers:491:21)
}
	at com.microsoft.playwright.impl.WaitableResult.get(WaitableResult.java:54)
	at com.microsoft.playwright.impl.ChannelOwner.runUntil(ChannelOwner.java:132)
	at com.microsoft.playwright.impl.Connection.sendMessage(Connection.java:130)
	at com.microsoft.playwright.impl.ChannelOwner.sendMessage(ChannelOwner.java:118)
	at com.microsoft.playwright.impl.FrameImpl.navigateImpl(FrameImpl.java:463)
	at com.microsoft.playwright.impl.PageImpl.lambda$navigate$47(PageImpl.java:943)
	at com.microsoft.playwright.impl.LoggingSupport.withLogging(LoggingSupport.java:47)
	at com.microsoft.playwright.impl.ChannelOwner.withLogging(ChannelOwner.java:97)
	at com.microsoft.playwright.impl.PageImpl.navigate(PageImpl.java:943)
	at com.microsoft.playwright.impl.PageImpl.navigate(PageImpl.java:42)
	at com.microsoft.playwright.Page.navigate(Page.java:5491)
	at pages.LoginPage.login(LoginPage.java:18)
	at pages.DeletionEducationRecord.open(DeletionEducationRecord.java:17)
	at StepDefinition.DeletionEducationRecordSteps.userIsLoggedIntoOrangeHRM(DeletionEducationRecordSteps.java:15)
	at ✽.the user is logged into OrangeHRM(classpath:features/TerminationConfirmation.feature:4)
Caused by: com.microsoft.playwright.impl.TargetClosedError: Error {
  message='Target page, context or browser has been closed
  name='TargetClosedError
  stack='TargetClosedError: Target page, context or browser has been closed
    at DispatcherConnection.dispatch (C:\Endava\ENDEVL~1\AppData\Local\Temp\playwright-java-13822793970080967420\package\lib\server\dispatchers\dispatcher.js:283:44)
    at transport.onmessage (C:\Endava\ENDEVL~1\AppData\Local\Temp\playwright-java-13822793970080967420\package\lib\cli\driver.js:52:57)
    at Immediate._onImmediate (C:\Endava\ENDEVL~1\AppData\Local\Temp\playwright-java-13822793970080967420\package\lib\server\utils\pipeTransport.js:77:34)
    at process.processImmediate (node:internal/timers:491:21)
}
	at com.microsoft.playwright.impl.Connection.dispatch(Connection.java:256)
	at com.microsoft.playwright.impl.Connection.processOneMessage(Connection.java:211)
	at com.microsoft.playwright.impl.ChannelOwner.runUntil(ChannelOwner.java:130)
	... 13 more
]]></error>
  </testcase>
</testsuite>